gen	lnL	length	alpha	lambda	bf_alpha	bf_beta
0	-350943	10.3398	1.27713	4.80194	1.64152	0.914421
1	-308124	9.82572	1.27713	4.80194	1.64152	0.914421
2	-291901	10.8238	1.27713	4.80194	1.25645	0.914421
3	-279269	11.153	1.27713	4.21707	1.25645	0.914421
4	-271835	9.87321	1.27713	4.11512	1.25645	0.914421
5	-265345	10.3031	1.27713	4.11512	1.25645	0.914421
6	-262567	9.87225	1.27713	4.26449	1.60891	1.25204
7	-259601	10.3066	1.27713	4.26449	1.60891	1.25204
8	-255873	10.6117	1.8512	4.26449	2.00398	1.25204
9	-254523	11.3698	1.8512	4.26449	1.35825	1.25204
10	-251287	11.5621	1.8512	4.26449	1.35825	1.25204
11	-248724	12.1824	1.99152	4.26449	1.50509	1.25204
12	-248269	12.2795	1.99152	4.26449	1.43009	1.25204
13	-247463	12.4836	1.99152	3.84371	1.43009	1.25204
14	-245275	12.8319	1.99152	3.84371	1.43009	1.25204
15	-244009	12.5662	1.99152	3.84371	1.43009	0.751296
16	-242457	12.9468	1.99152	3.84371	1.43009	0.751296
17	-241757	13.3261	1.99152	3.84371	1.28473	0.993805
18	-240442	13.2772	1.99152	3.91152	1.21635	0.627792
19	-239755	13.1471	1.99152	3.91152	0.915163	0.627792
20	-239157	13.2731	1.99152	3.91152	0.915163	0.848367
21	-236299	13.5383	1.99152	4.45578	1.34035	0.524282
22	-235819	13.7439	1.99152	4.45578	1.34035	0.524282
23	-235090	13.6061	1.99152	4.45578	1.34035	0.524282
24	-234855	13.4165	1.99152	4.45578	1.34035	0.526791
25	-233333	13.3896	1.99152	4.45578	1.34035	0.714585
26	-232784	13.61	1.99152	3.35173	1.26764	0.809
27	-232111	14.1209	1.99152	3.35173	1.26764	0.809
28	-230084	14.2334	1.99152	3.35173	1.26764	0.809
29	-228873	13.6528	1.99152	3.35173	1.26764	0.809
30	-228782	13.6931	1.99152	4.00771	1.26764	0.618104
31	-228719	13.6813	1.99152	4.00771	1.35117	1.01616
32	-228597	14.1758	1.68353	4.00771	1.35117	1.01616
33	-226185	14.3004	1.68353	4.00771	1.71516	1.01616
34	-225852	14.2834	1.68353	3.51799	1.71516	1.01616
35	-225620	14.4252	1.68353	3.51799	2.23887	1.01616
36	-225505	14.372	1.68353	3.51799	2.23887	1.19722
37	-225211	14.327	1.68353	3.84061	2.23887	1.19722
38	-224544	13.8094	1.68353	3.84061	2.58174	1.19722
39	-224351	13.8299	1.68353	3.84061	2.11763	1.19722
40	-224293	13.9146	1.68353	3.84061	2.11763	1.19722
41	-224273	13.9087	1.68353	2.92502	2.11763	0.872333
42	-224238	13.943	1.68353	2.92502	2.11763	0.816262
43	-224054	13.9288	1.68353	2.92502	1.45884	0.816262
44	-223912	13.932	1.68353	4.49752	1.45884	0.681462
45	-223624	14.1352	1.68353	4.49752	1.45884	0.789537
46	-223553	14.0865	1.68353	4.48317	1.45884	0.789537
47	-223478	14.126	1.68353	3.05697	1.45884	0.789537
48	-222884	14.1279	1.68353	3.05697	1.45884	0.789537
49	-222571	14.1435	1.68353	3.05697	1.16606	0.579683
50	-222273	14.1608	1.68353	3.05697	1.16606	0.689063
51	-222235	14.2302	1.68353	3.05697	1.16606	0.689063
52	-221844	14.1206	1.68353	3.05697	1.31463	0.689063
53	-221893	14.1818	1.68353	3.05697	1.80451	1.05036
54	-221629	14.0427	1.68353	3.82856	1.80451	0.948356
55	-221433	13.9494	1.68353	3.82856	1.80451	0.948356
56	-221417	13.9204	1.68353	2.57024	1.87818	0.948356
57	-221394	13.9222	1.68353	2.66027	1.87818	0.681936
58	-221397	13.9045	1.68353	3.56349	1.87818	1.07437
59	-221490	14.0149	1.68353	5.64086	2.56278	1.07437
60	-221336	14.0216	1.57482	5.64086	2.44524	1.18353
61	-221296	14.0171	1.57482	5.64086	2.44524	1.00104
62	-221292	13.9865	1.57482	5.64086	2.44524	1.11758
63	-221254	13.9782	1.57482	5.64086	2.44524	1.11758
64	-221187	14.0907	1.57482	5.64086	2.44524	1.11758
65	-221352	14.0932	1.57482	5.64086	2.44524	0.713266
66	-221159	14.0803	1.57482	5.64086	2.44524	1.23198
67	-221137	14.0429	1.57482	5.64086	2.68187	1.04651
68	-221011	14.0471	1.57482	3.78621	2.68187	1.04651
69	-220962	14.0933	1.57482	2.95498	2.17231	1.04651
70	-220921	14.1632	1.57482	2.95498	2.17231	1.04651
71	-220900	14.1774	1.57482	3.64499	2.57451	1.04651
72	-220871	14.2091	1.57482	2.84677	2.57451	1.04651
73	-220669	14.2706	1.57482	3.6006	2.6174	1.04651
74	-220660	14.2745	1.57482	3.31591	2.6174	1.04651
75	-220541	14.242	1.57482	3.31611	2.6174	1.05872
76	-220503	14.2394	1.57482	3.31611	2.42135	1.05872
77	-220473	14.2424	1.57482	3.31611	2.01259	1.05872
78	-220375	14.226	1.57482	3.31611	2.01259	1.05872
79	-220157	14.194	1.57482	3.31611	2.58671	0.952818
80	-219654	14.2338	1.57482	3.31611	2.58671	0.952818
81	-219576	14.2551	1.57482	3.31611	2.58671	0.952818
82	-218784	14.3488	1.57482	3.31611	2.58671	0.952818
83	-218081	14.0114	1.33423	3.97833	2.58671	0.952818
